2023-08-31T22:27:16.004+05:30  INFO 29180 --- [main] c.e.demosample.DemoSampleApplication     : Starting DemoSampleApplication using Java 19.0.2 with PID 29180 (C:\Workspace\demo-sample\target\classes started by Jitendra.Mahor in C:\Users\Jitendra.Mahor\OneDrive - Brillio\Documents\GitHub\Azure-Service-Bus-Sample)
2023-08-31T22:27:16.006+05:30  INFO 29180 --- [main] c.e.demosample.DemoSampleApplication     : No active profile set, falling back to 1 default profile: "default"
2023-08-31T22:27:16.877+05:30  INFO 29180 --- [main] o.s.b.w.embedded.tomcat.TomcatWebServer  : Tomcat initialized with port(s): 8080 (http)
2023-08-31T22:27:16.886+05:30  INFO 29180 --- [main] o.apache.catalina.core.StandardService   : Starting service [Tomcat]
2023-08-31T22:27:16.887+05:30  INFO 29180 --- [main] o.apache.catalina.core.StandardEngine    : Starting Servlet engine: [Apache Tomcat/10.1.12]
2023-08-31T22:27:16.953+05:30  INFO 29180 --- [main] o.a.c.c.C.[Tomcat].[localhost].[/]       : Initializing Spring embedded WebApplicationContext
2023-08-31T22:27:16.954+05:30  INFO 29180 --- [main] w.s.c.ServletWebServerApplicationContext : Root WebApplicationContext: initialization completed in 897 ms
2023-08-31T22:27:17.202+05:30  INFO 29180 --- [main] o.s.b.w.embedded.tomcat.TomcatWebServer  : Tomcat started on port(s): 8080 (http) with context path ''
2023-08-31T22:27:17.211+05:30  INFO 29180 --- [main] c.e.demosample.DemoSampleApplication     : Started DemoSampleApplication in 1.555 seconds (process running for 1.857)
2023-08-31T22:27:23.740+05:30  INFO 29180 --- [http-nio-8080-exec-1] o.a.c.c.C.[Tomcat].[localhost].[/]       : Initializing Spring DispatcherServlet 'dispatcherServlet'
2023-08-31T22:27:23.741+05:30  INFO 29180 --- [http-nio-8080-exec-1] o.s.web.servlet.DispatcherServlet        : Initializing Servlet 'dispatcherServlet'
2023-08-31T22:27:23.742+05:30  INFO 29180 --- [http-nio-8080-exec-1] o.s.web.servlet.DispatcherServlet        : Completed initialization in 1 ms
2023-08-31T22:27:23.764+05:30  INFO 29180 --- [http-nio-8080-exec-1] com.example.demosample.DemoController    : =========Hello World==========
2023-08-31T22:27:23.764+05:30  INFO 29180 --- [http-nio-8080-exec-1] com.example.demosample.DemoController    : =========Hello World==========
2023-08-31T22:27:23.764+05:30  INFO 29180 --- [http-nio-8080-exec-1] com.example.demosample.DemoController    : =========Hello World==========
2023-08-31T22:27:23.764+05:30  INFO 29180 --- [http-nio-8080-exec-1] com.example.demosample.DemoController    : =========Hello World==========
2023-08-31T22:27:23.765+05:30  INFO 29180 --- [http-nio-8080-exec-1] com.example.demosample.DemoController    : =========Hello World==========
2023-08-31T22:27:24.825+05:30  INFO 29180 --- [http-nio-8080-exec-3] com.example.demosample.DemoController    : =========Hello World==========
2023-08-31T22:27:24.825+05:30  INFO 29180 --- [http-nio-8080-exec-3] com.example.demosample.DemoController    : =========Hello World==========
2023-08-31T22:27:24.825+05:30  INFO 29180 --- [http-nio-8080-exec-3] com.example.demosample.DemoController    : =========Hello World==========
2023-08-31T22:27:24.825+05:30  INFO 29180 --- [http-nio-8080-exec-3] com.example.demosample.DemoController    : =========Hello World==========
2023-08-31T22:27:24.825+05:30  INFO 29180 --- [http-nio-8080-exec-3] com.example.demosample.DemoController    : =========Hello World==========
